# JRE version: Java(TM) SE Runtime Environment (8.0_181-b13) (build 1.8.0_181-b13)
# Java VM: Java HotSpot(TM) 64-Bit Server VM (25.181-b13 mixed mode linux-amd64 compressed oops)
Heap:
 PSYoungGen      total 69632K, used 6134K [0x00000000ebf80000, 0x00000000f0980000, 0x0000000100000000)
  eden space 63488K, 0% used [0x00000000ebf80000,0x00000000ebf80000,0x00000000efd80000)
  from space 6144K, 99% used [0x00000000efd80000,0x00000000f037d838,0x00000000f0380000)
  to   space 6144K, 0% used [0x00000000f0380000,0x00000000f0380000,0x00000000f0980000)
 ParOldGen       total 42496K, used 8011K [0x00000000c3e00000, 0x00000000c6780000, 0x00000000ebf80000)
  object space 42496K, 18% used [0x00000000c3e00000,0x00000000c45d2f80,0x00000000c6780000)
 Metaspace       used 19616K, capacity 20242K, committed 20480K, reserved 1067008K
  class space    used 2567K, capacity 2729K, committed 2816K, reserved 1048576K
GC Heap History (10 events):
Event: 1.848 GC heap after
Heap after GC invocations=2 (full 0):
 PSYoungGen      total 18432K, used 2546K [0x00000000ebf80000, 0x00000000ee380000, 0x0000000100000000)
  eden space 15872K, 0% used [0x00000000ebf80000,0x00000000ebf80000,0x00000000ecf00000)
  from space 2560K, 99% used [0x00000000ed180000,0x00000000ed3fcbf0,0x00000000ed400000)
  to   space 2560K, 0% used [0x00000000ecf00000,0x00000000ecf00000,0x00000000ed180000)
 ParOldGen       total 42496K, used 669K [0x00000000c3e00000, 0x00000000c6780000, 0x00000000ebf80000)
  object space 42496K, 1% used [0x00000000c3e00000,0x00000000c3ea74f0,0x00000000c6780000)
 Metaspace       used 10207K, capacity 10372K, committed 10624K, reserved 1058816K
  class space    used 1221K, capacity 1298K, committed 1408K, reserved 1048576K
}
Event: 2.212 GC heap before
{Heap before GC invocations=3 (full 0):
 PSYoungGen      total 18432K, used 18418K [0x00000000ebf80000, 0x00000000ee380000, 0x0000000100000000)
  eden space 15872K, 100% used [0x00000000ebf80000,0x00000000ecf00000,0x00000000ecf00000)
  from space 2560K, 99% used [0x00000000ed180000,0x00000000ed3fcbf0,0x00000000ed400000)
  to   space 2560K, 0% used [0x00000000ecf00000,0x00000000ecf00000,0x00000000ed180000)
 ParOldGen       total 42496K, used 669K [0x00000000c3e00000, 0x00000000c6780000, 0x00000000ebf80000)
  object space 42496K, 1% used [0x00000000c3e00000,0x00000000c3ea74f0,0x00000000c6780000)
 Metaspace       used 10841K, capacity 11110K, committed 11264K, reserved 1058816K
  class space    used 1311K, capacity 1423K, committed 1536K, reserved 1048576K
Event: 2.228 GC heap after
Heap after GC invocations=3 (full 0):
 PSYoungGen      total 18432K, used 2559K [0x00000000ebf80000, 0x00000000ee380000, 0x0000000100000000)
  eden space 15872K, 0% used [0x00000000ebf80000,0x00000000ebf80000,0x00000000ecf00000)
  from space 2560K, 99% used [0x00000000ecf00000,0x00000000ed17fc60,0x00000000ed180000)
  to   space 2560K, 0% used [0x00000000ee100000,0x00000000ee100000,0x00000000ee380000)
 ParOldGen       total 42496K, used 2074K [0x00000000c3e00000, 0x00000000c6780000, 0x00000000ebf80000)
  object space 42496K, 4% used [0x00000000c3e00000,0x00000000c4006898,0x00000000c6780000)
 Metaspace       used 10841K, capacity 11110K, committed 11264K, reserved 1058816K
  class space    used 1311K, capacity 1423K, committed 1536K, reserved 1048576K
}
Event: 2.407 GC heap before
{Heap before GC invocations=4 (full 0):
 PSYoungGen      total 18432K, used 18374K [0x00000000ebf80000, 0x00000000ee380000, 0x0000000100000000)
  eden space 15872K, 99% used [0x00000000ebf80000,0x00000000ecef1c50,0x00000000ecf00000)
  from space 2560K, 99% used [0x00000000ecf00000,0x00000000ed17fc60,0x00000000ed180000)
  to   space 2560K, 0% used [0x00000000ee100000,0x00000000ee100000,0x00000000ee380000)
 ParOldGen       total 42496K, used 2074K [0x00000000c3e00000, 0x00000000c6780000, 0x00000000ebf80000)
  object space 42496K, 4% used [0x00000000c3e00000,0x00000000c4006898,0x00000000c6780000)
 Metaspace       used 11499K, capacity 11856K, committed 12160K, reserved 1060864K
  class space    used 1423K, capacity 1539K, committed 1664K, reserved 1048576K
Event: 2.423 GC heap after
Heap after GC invocations=4 (full 0):
 PSYoungGen      total 34304K, used 2559K [0x00000000ebf80000, 0x00000000ee380000, 0x0000000100000000)
  eden space 31744K, 0% used [0x00000000ebf80000,0x00000000ebf80000,0x00000000ede80000)
  from space 2560K, 99% used [0x00000000ee100000,0x00000000ee37fc60,0x00000000ee380000)
  to   space 2560K, 0% used [0x00000000ede80000,0x00000000ede80000,0x00000000ee100000)
 ParOldGen       total 42496K, used 4552K [0x00000000c3e00000, 0x00000000c6780000, 0x00000000ebf80000)
  object space 42496K, 10% used [0x00000000c3e00000,0x00000000c4272300,0x00000000c6780000)
 Metaspace       used 11499K, capacity 11856K, committed 12160K, reserved 1060864K
  class space    used 1423K, capacity 1539K, committed 1664K, reserved 1048576K
}
Event: 2.747 GC heap before
{Heap before GC invocations=5 (full 0):
 PSYoungGen      total 34304K, used 34303K [0x00000000ebf80000, 0x00000000ee380000, 0x0000000100000000)
  eden space 31744K, 100% used [0x00000000ebf80000,0x00000000ede80000,0x00000000ede80000)
  from space 2560K, 99% used [0x00000000ee100000,0x00000000ee37fc60,0x00000000ee380000)
  to   space 2560K, 0% used [0x00000000ede80000,0x00000000ede80000,0x00000000ee100000)
 ParOldGen       total 42496K, used 4552K [0x00000000c3e00000, 0x00000000c6780000, 0x00000000ebf80000)
  object space 42496K, 10% used [0x00000000c3e00000,0x00000000c4272300,0x00000000c6780000)
 Metaspace       used 13895K, capacity 14310K, committed 14464K, reserved 1062912K
  class space    used 1728K, capacity 1855K, committed 1920K, reserved 1048576K
Event: 2.756 GC heap after
Heap after GC invocations=5 (full 0):
 PSYoungGen      total 34304K, used 2559K [0x00000000ebf80000, 0x00000000f0980000, 0x0000000100000000)
  eden space 31744K, 0% used [0x00000000ebf80000,0x00000000ebf80000,0x00000000ede80000)
  from space 2560K, 99% used [0x00000000ede80000,0x00000000ee0ffc60,0x00000000ee100000)
  to   space 6144K, 0% used [0x00000000f0380000,0x00000000f0380000,0x00000000f0980000)
 ParOldGen       total 42496K, used 6434K [0x00000000c3e00000, 0x00000000c6780000, 0x00000000ebf80000)
  object space 42496K, 15% used [0x00000000c3e00000,0x00000000c4448958,0x00000000c6780000)
 Metaspace       used 13895K, capacity 14310K, committed 14464K, reserved 1062912K
  class space    used 1728K, capacity 1855K, committed 1920K, reserved 1048576K
}
Event: 2.989 GC heap before
{Heap before GC invocations=6 (full 0):
 PSYoungGen      total 34304K, used 34303K [0x00000000ebf80000, 0x00000000f0980000, 0x0000000100000000)
  eden space 31744K, 100% used [0x00000000ebf80000,0x00000000ede80000,0x00000000ede80000)
  from space 2560K, 99% used [0x00000000ede80000,0x00000000ee0ffc60,0x00000000ee100000)
  to   space 6144K, 0% used [0x00000000f0380000,0x00000000f0380000,0x00000000f0980000)
 ParOldGen       total 42496K, used 6434K [0x00000000c3e00000, 0x00000000c6780000, 0x00000000ebf80000)
  object space 42496K, 15% used [0x00000000c3e00000,0x00000000c4448958,0x00000000c6780000)
 Metaspace       used 15411K, capacity 15946K, committed 16128K, reserved 1062912K
  class space    used 2025K, capacity 2177K, committed 2304K, reserved 1048576K
Event: 2.995 GC heap after
Heap after GC invocations=6 (full 0):
 PSYoungGen      total 69632K, used 4264K [0x00000000ebf80000, 0x00000000f0980000, 0x0000000100000000)
  eden space 63488K, 0% used [0x00000000ebf80000,0x00000000ebf80000,0x00000000efd80000)
  from space 6144K, 69% used [0x00000000f0380000,0x00000000f07aa290,0x00000000f0980000)
  to   space 6144K, 0% used [0x00000000efd80000,0x00000000efd80000,0x00000000f0380000)
 ParOldGen       total 42496K, used 6442K [0x00000000c3e00000, 0x00000000c6780000, 0x00000000ebf80000)
  object space 42496K, 15% used [0x00000000c3e00000,0x00000000c444a958,0x00000000c6780000)
 Metaspace       used 15411K, capacity 15946K, committed 16128K, reserved 1062912K
  class space    used 2025K, capacity 2177K, committed 2304K, reserved 1048576K
}
Event: 4.340 GC heap before
{Heap before GC invocations=7 (full 0):
 PSYoungGen      total 69632K, used 67752K [0x00000000ebf80000, 0x00000000f0980000, 0x0000000100000000)
  eden space 63488K, 100% used [0x00000000ebf80000,0x00000000efd80000,0x00000000efd80000)
  from space 6144K, 69% used [0x00000000f0380000,0x00000000f07aa290,0x00000000f0980000)
  to   space 6144K, 0% used [0x00000000efd80000,0x00000000efd80000,0x00000000f0380000)
 ParOldGen       total 42496K, used 6442K [0x00000000c3e00000, 0x00000000c6780000, 0x00000000ebf80000)
  object space 42496K, 15% used [0x00000000c3e00000,0x00000000c444a958,0x00000000c6780000)
 Metaspace       used 19616K, capacity 20242K, committed 20480K, reserved 1067008K
  class space    used 2567K, capacity 2729K, committed 2816K, reserved 1048576K

